g:\unreal project\multiplayer\steam_multiplayer\encrypted\sdk\steamworksexample\debug\vc141.pdb
g:\unreal project\multiplayer\steam_multiplayer\encrypted\sdk\steamworksexample\debug\vc141.idb
g:\unreal project\multiplayer\steam_multiplayer\encrypted\sdk\steamworksexample\debug\leaderboards.obj
g:\unreal project\multiplayer\steam_multiplayer\encrypted\sdk\steamworksexample\debug\lobby.obj
g:\unreal project\multiplayer\steam_multiplayer\encrypted\sdk\steamworksexample\debug\main.obj
g:\unreal project\multiplayer\steam_multiplayer\encrypted\sdk\steamworksexample\debug\mainmenu.obj
g:\unreal project\multiplayer\steam_multiplayer\encrypted\sdk\steamworksexample\debug\musicplayer.obj
g:\unreal project\multiplayer\steam_multiplayer\encrypted\sdk\steamworksexample\debug\p2pauth.obj
g:\unreal project\multiplayer\steam_multiplayer\encrypted\sdk\steamworksexample\debug\photonbeam.obj
g:\unreal project\multiplayer\steam_multiplayer\encrypted\sdk\steamworksexample\debug\quitmenu.obj
g:\unreal project\multiplayer\steam_multiplayer\encrypted\sdk\steamworksexample\debug\remotestorage.obj
g:\unreal project\multiplayer\steam_multiplayer\encrypted\sdk\steamworksexample\debug\serverbrowser.obj
g:\unreal project\multiplayer\steam_multiplayer\encrypted\sdk\steamworksexample\debug\ship.obj
g:\unreal project\multiplayer\steam_multiplayer\encrypted\sdk\steamworksexample\debug\spacewarclient.obj
g:\unreal project\multiplayer\steam_multiplayer\encrypted\sdk\steamworksexample\debug\spacewarentity.obj
g:\unreal project\multiplayer\steam_multiplayer\encrypted\sdk\steamworksexample\debug\spacewarserver.obj
g:\unreal project\multiplayer\steam_multiplayer\encrypted\sdk\steamworksexample\debug\starfield.obj
g:\unreal project\multiplayer\steam_multiplayer\encrypted\sdk\steamworksexample\debug\statsandachievements.obj
g:\unreal project\multiplayer\steam_multiplayer\encrypted\sdk\steamworksexample\debug\stdafx.obj
g:\unreal project\multiplayer\steam_multiplayer\encrypted\sdk\steamworksexample\debug\sun.obj
g:\unreal project\multiplayer\steam_multiplayer\encrypted\sdk\steamworksexample\debug\vectorentity.obj
g:\unreal project\multiplayer\steam_multiplayer\encrypted\sdk\steamworksexample\debug\voicechat.obj
g:\unreal project\multiplayer\steam_multiplayer\encrypted\sdk\steamworksexample\debug\basemenu.obj
g:\unreal project\multiplayer\steam_multiplayer\encrypted\sdk\steamworksexample\debug\clanchatroom.obj
g:\unreal project\multiplayer\steam_multiplayer\encrypted\sdk\steamworksexample\debug\connectingmenu.obj
g:\unreal project\multiplayer\steam_multiplayer\encrypted\sdk\steamworksexample\debug\friends.obj
g:\unreal project\multiplayer\steam_multiplayer\encrypted\sdk\steamworksexample\debug\gameenginewin32.obj
g:\unreal project\multiplayer\steam_multiplayer\encrypted\sdk\steamworksexample\debug\htmlsurface.obj
g:\unreal project\multiplayer\steam_multiplayer\encrypted\sdk\steamworksexample\debug\inventory.obj
g:\unreal project\multiplayer\steam_multiplayer\encrypted\sdk\steamworksexample\debug\steamworksexample.ilk
g:\unreal project\multiplayer\steam_multiplayer\encrypted\sdk\steamworksexample\debug\steamworksexample.exe
g:\unreal project\multiplayer\steam_multiplayer\encrypted\sdk\steamworksexample\debug\steamworksexample.pdb
g:\unreal project\multiplayer\steam_multiplayer\encrypted\sdk\steamworksexample\.\debug\steamworksexample.exe
g:\unreal project\multiplayer\steam_multiplayer\encrypted\sdk\steamworksexample\debug\steamwor.f9b80fd0.tlog\cl.command.1.tlog
g:\unreal project\multiplayer\steam_multiplayer\encrypted\sdk\steamworksexample\debug\steamwor.f9b80fd0.tlog\cl.read.1.tlog
g:\unreal project\multiplayer\steam_multiplayer\encrypted\sdk\steamworksexample\debug\steamwor.f9b80fd0.tlog\cl.write.1.tlog
g:\unreal project\multiplayer\steam_multiplayer\encrypted\sdk\steamworksexample\debug\steamwor.f9b80fd0.tlog\link.command.1.tlog
g:\unreal project\multiplayer\steam_multiplayer\encrypted\sdk\steamworksexample\debug\steamwor.f9b80fd0.tlog\link.read.1.tlog
g:\unreal project\multiplayer\steam_multiplayer\encrypted\sdk\steamworksexample\debug\steamwor.f9b80fd0.tlog\link.write.1.tlog
