cl : Command line warning D9035: option 'Gm' has been deprecated and will be removed in a future release
  voicechat.cpp
g:\unreal project\multiplayer\steam_multiplayer\encrypted\sdk\steamworksexample\stdafx.h(58): fatal error C1083: Cannot open include file: 'd3dx9.h': No such file or directory
  VectorEntity.cpp
g:\unreal project\multiplayer\steam_multiplayer\encrypted\sdk\steamworksexample\stdafx.h(58): fatal error C1083: Cannot open include file: 'd3dx9.h': No such file or directory
  Sun.cpp
g:\unreal project\multiplayer\steam_multiplayer\encrypted\sdk\steamworksexample\stdafx.h(58): fatal error C1083: Cannot open include file: 'd3dx9.h': No such file or directory
  stdafx.cpp
g:\unreal project\multiplayer\steam_multiplayer\encrypted\sdk\steamworksexample\stdafx.h(58): fatal error C1083: Cannot open include file: 'd3dx9.h': No such file or directory
  StatsAndAchievements.cpp
g:\unreal project\multiplayer\steam_multiplayer\encrypted\sdk\steamworksexample\stdafx.h(58): fatal error C1083: Cannot open include file: 'd3dx9.h': No such file or directory
  StarField.cpp
g:\unreal project\multiplayer\steam_multiplayer\encrypted\sdk\steamworksexample\stdafx.h(58): fatal error C1083: Cannot open include file: 'd3dx9.h': No such file or directory
  SpaceWarServer.cpp
g:\unreal project\multiplayer\steam_multiplayer\encrypted\sdk\steamworksexample\stdafx.h(58): fatal error C1083: Cannot open include file: 'd3dx9.h': No such file or directory
  SpaceWarEntity.cpp
g:\unreal project\multiplayer\steam_multiplayer\encrypted\sdk\steamworksexample\stdafx.h(58): fatal error C1083: Cannot open include file: 'd3dx9.h': No such file or directory
  SpaceWarClient.cpp
g:\unreal project\multiplayer\steam_multiplayer\encrypted\sdk\steamworksexample\stdafx.h(58): fatal error C1083: Cannot open include file: 'd3dx9.h': No such file or directory
  Ship.cpp
g:\unreal project\multiplayer\steam_multiplayer\encrypted\sdk\steamworksexample\stdafx.h(58): fatal error C1083: Cannot open include file: 'd3dx9.h': No such file or directory
  ServerBrowser.cpp
g:\unreal project\multiplayer\steam_multiplayer\encrypted\sdk\steamworksexample\stdafx.h(58): fatal error C1083: Cannot open include file: 'd3dx9.h': No such file or directory
  RemoteStorage.cpp
g:\unreal project\multiplayer\steam_multiplayer\encrypted\sdk\steamworksexample\stdafx.h(58): fatal error C1083: Cannot open include file: 'd3dx9.h': No such file or directory
  QuitMenu.cpp
g:\unreal project\multiplayer\steam_multiplayer\encrypted\sdk\steamworksexample\stdafx.h(58): fatal error C1083: Cannot open include file: 'd3dx9.h': No such file or directory
  PhotonBeam.cpp
g:\unreal project\multiplayer\steam_multiplayer\encrypted\sdk\steamworksexample\stdafx.h(58): fatal error C1083: Cannot open include file: 'd3dx9.h': No such file or directory
  p2pauth.cpp
g:\unreal project\multiplayer\steam_multiplayer\encrypted\sdk\steamworksexample\stdafx.h(58): fatal error C1083: Cannot open include file: 'd3dx9.h': No such file or directory
  musicplayer.cpp
g:\unreal project\multiplayer\steam_multiplayer\encrypted\sdk\steamworksexample\stdafx.h(58): fatal error C1083: Cannot open include file: 'd3dx9.h': No such file or directory
  MainMenu.cpp
g:\unreal project\multiplayer\steam_multiplayer\encrypted\sdk\steamworksexample\stdafx.h(58): fatal error C1083: Cannot open include file: 'd3dx9.h': No such file or directory
  Main.cpp
g:\unreal project\multiplayer\steam_multiplayer\encrypted\sdk\steamworksexample\stdafx.h(58): fatal error C1083: Cannot open include file: 'd3dx9.h': No such file or directory
  Lobby.cpp
g:\unreal project\multiplayer\steam_multiplayer\encrypted\sdk\steamworksexample\stdafx.h(58): fatal error C1083: Cannot open include file: 'd3dx9.h': No such file or directory
  Leaderboards.cpp
g:\unreal project\multiplayer\steam_multiplayer\encrypted\sdk\steamworksexample\stdafx.h(58): fatal error C1083: Cannot open include file: 'd3dx9.h': No such file or directory
  Generating Code...
  Compiling...
  Inventory.cpp
g:\unreal project\multiplayer\steam_multiplayer\encrypted\sdk\steamworksexample\stdafx.h(58): fatal error C1083: Cannot open include file: 'd3dx9.h': No such file or directory
  htmlsurface.cpp
g:\unreal project\multiplayer\steam_multiplayer\encrypted\sdk\steamworksexample\stdafx.h(58): fatal error C1083: Cannot open include file: 'd3dx9.h': No such file or directory
  gameenginewin32.cpp
g:\unreal project\multiplayer\steam_multiplayer\encrypted\sdk\steamworksexample\stdafx.h(58): fatal error C1083: Cannot open include file: 'd3dx9.h': No such file or directory
  Friends.cpp
g:\unreal project\multiplayer\steam_multiplayer\encrypted\sdk\steamworksexample\stdafx.h(58): fatal error C1083: Cannot open include file: 'd3dx9.h': No such file or directory
  connectingmenu.cpp
g:\unreal project\multiplayer\steam_multiplayer\encrypted\sdk\steamworksexample\stdafx.h(58): fatal error C1083: Cannot open include file: 'd3dx9.h': No such file or directory
  clanchatroom.cpp
g:\unreal project\multiplayer\steam_multiplayer\encrypted\sdk\steamworksexample\stdafx.h(58): fatal error C1083: Cannot open include file: 'd3dx9.h': No such file or directory
  BaseMenu.cpp
g:\unreal project\multiplayer\steam_multiplayer\encrypted\sdk\steamworksexample\stdafx.h(58): fatal error C1083: Cannot open include file: 'd3dx9.h': No such file or directory
  Generating Code...
